<?xml version="1.0" encoding="UTF-8"?>
<testng-results ignored="0" total="1" passed="0" failed="0" skipped="1">
  <reporter-output>
  </reporter-output>
  <suite started-at="2022-11-19T20:36:33 IST" name="Suite" finished-at="2022-11-19T20:36:35 IST" duration-ms="2014">
    <groups>
    </groups>
    <test started-at="2022-11-19T20:36:33 IST" name="LoginTest" finished-at="2022-11-19T20:36:35 IST" duration-ms="2014">
      <class name="com.guru99test.Logintest">
        <test-method is-config="true" signature="presetup()[pri:0, instance:com.guru99test.Logintest@3e8c3cb]" started-at="2022-11-19T20:36:33 IST" name="presetup" finished-at="2022-11-19T20:36:33 IST" duration-ms="22" status="PASS">
          <reporter-output>
          </reporter-output>
        </test-method> <!-- presetup -->
        <test-method is-config="true" signature="setup()[pri:0, instance:com.guru99test.Logintest@3e8c3cb]" started-at="2022-11-19T20:36:33 IST" name="setup" finished-at="2022-11-19T20:36:34 IST" duration-ms="1841" status="FAIL">
          <exception class="io.github.bonigarcia.wdm.config.WebDriverManagerException">
            <message>
              <![CDATA[io.github.bonigarcia.wdm.config.WebDriverManagerException: java.net.UnknownHostException: chromedriver.storage.googleapis.com]]>
            </message>
            <full-stacktrace>
              <![CDATA[io.github.bonigarcia.wdm.config.WebDriverManagerException: io.github.bonigarcia.wdm.config.WebDriverManagerException: java.net.UnknownHostException: chromedriver.storage.googleapis.com
at io.github.bonigarcia.wdm.WebDriverManager.handleException(WebDriverManager.java:1422)
at io.github.bonigarcia.wdm.WebDriverManager.manage(WebDriverManager.java:1203)
at io.github.bonigarcia.wdm.WebDriverManager.fallback(WebDriverManager.java:1438)
at io.github.bonigarcia.wdm.WebDriverManager.handleException(WebDriverManager.java:1419)
at io.github.bonigarcia.wdm.WebDriverManager.manage(WebDriverManager.java:1203)
at io.github.bonigarcia.wdm.WebDriverManager.handleException(WebDriverManager.java:1412)
at io.github.bonigarcia.wdm.WebDriverManager.manage(WebDriverManager.java:1203)
at io.github.bonigarcia.wdm.WebDriverManager.setup(WebDriverManager.java:418)
at commanlibs.Implimentation.CommonDriver.<init>(CommonDriver.java:19)
at com.guru99test.BaseTest.setup(BaseTest.java:44)
at java.base/jdk.internal.reflect.NativeMethodAccessorImpl.invoke0(Native Method)
at java.base/jdk.internal.reflect.NativeMethodAccessorImpl.invoke(NativeMethodAccessorImpl.java:77)
at java.base/jdk.internal.reflect.DelegatingMethodAccessorImpl.invoke(DelegatingMethodAccessorImpl.java:43)
at java.base/java.lang.reflect.Method.invoke(Method.java:568)
at org.testng.internal.invokers.MethodInvocationHelper.invokeMethod(MethodInvocationHelper.java:139)
at org.testng.internal.invokers.MethodInvocationHelper.invokeMethodConsideringTimeout(MethodInvocationHelper.java:69)
at org.testng.internal.invokers.ConfigInvoker.invokeConfigurationMethod(ConfigInvoker.java:361)
at org.testng.internal.invokers.ConfigInvoker.invokeConfigurations(ConfigInvoker.java:296)
at org.testng.internal.invokers.TestMethodWorker.invokeBeforeClassMethods(TestMethodWorker.java:180)
at org.testng.internal.invokers.TestMethodWorker.run(TestMethodWorker.java:122)
at java.base/java.util.ArrayList.forEach(ArrayList.java:1511)
at org.testng.TestRunner.privateRun(TestRunner.java:806)
at org.testng.TestRunner.run(TestRunner.java:601)
at org.testng.SuiteRunner.runTest(SuiteRunner.java:433)
at org.testng.SuiteRunner.runSequentially(SuiteRunner.java:427)
at org.testng.SuiteRunner.privateRun(SuiteRunner.java:387)
at org.testng.SuiteRunner.run(SuiteRunner.java:330)
at org.testng.SuiteRunnerWorker.runSuite(SuiteRunnerWorker.java:52)
at org.testng.SuiteRunnerWorker.run(SuiteRunnerWorker.java:95)
at org.testng.TestNG.runSuitesSequentially(TestNG.java:1256)
at org.testng.TestNG.runSuitesLocally(TestNG.java:1176)
at org.testng.TestNG.runSuites(TestNG.java:1099)
at org.testng.TestNG.run(TestNG.java:1067)
at org.testng.remote.AbstractRemoteTestNG.run(AbstractRemoteTestNG.java:115)
at org.testng.remote.RemoteTestNG.initAndRun(RemoteTestNG.java:251)
at org.testng.remote.RemoteTestNG.main(RemoteTestNG.java:77)
Caused by: io.github.bonigarcia.wdm.config.WebDriverManagerException: java.net.UnknownHostException: chromedriver.storage.googleapis.com
at io.github.bonigarcia.wdm.WebDriverManager.getDriversFromXml(WebDriverManager.java:1576)
at io.github.bonigarcia.wdm.managers.ChromeDriverManager.getDriverUrls(ChromeDriverManager.java:103)
at io.github.bonigarcia.wdm.WebDriverManager.createUrlHandler(WebDriverManager.java:1443)
at io.github.bonigarcia.wdm.WebDriverManager.download(WebDriverManager.java:1278)
at io.github.bonigarcia.wdm.WebDriverManager.manage(WebDriverManager.java:1197)
... 34 more
Caused by: java.net.UnknownHostException: chromedriver.storage.googleapis.com
at java.base/java.net.InetAddress$CachedAddresses.get(InetAddress.java:801)
at java.base/java.net.InetAddress.getAllByName0(InetAddress.java:1519)
at java.base/java.net.InetAddress.getAllByName(InetAddress.java:1377)
at java.base/java.net.InetAddress.getAllByName(InetAddress.java:1305)
at org.apache.hc.client5.http.SystemDefaultDnsResolver.resolve(SystemDefaultDnsResolver.java:43)
at org.apache.hc.client5.http.impl.io.DefaultHttpClientConnectionOperator.connect(DefaultHttpClientConnectionOperator.java:118)
at org.apache.hc.client5.http.impl.io.PoolingHttpClientConnectionManager.connect(PoolingHttpClientConnectionManager.java:396)
at org.apache.hc.client5.http.impl.classic.InternalExecRuntime.connectEndpoint(InternalExecRuntime.java:158)
at org.apache.hc.client5.http.impl.classic.InternalExecRuntime.connectEndpoint(InternalExecRuntime.java:168)
at org.apache.hc.client5.http.impl.classic.ConnectExec.execute(ConnectExec.java:136)
at org.apache.hc.client5.http.impl.classic.ExecChainElement.execute(ExecChainElement.java:51)
at org.apache.hc.client5.http.impl.classic.ExecChainElement$1.proceed(ExecChainElement.java:57)
at org.apache.hc.client5.http.impl.classic.ProtocolExec.execute(ProtocolExec.java:175)
at org.apache.hc.client5.http.impl.classic.ExecChainElement.execute(ExecChainElement.java:51)
at org.apache.hc.client5.http.impl.classic.ExecChainElement$1.proceed(ExecChainElement.java:57)
at org.apache.hc.client5.http.impl.classic.HttpRequestRetryExec.execute(HttpRequestRetryExec.java:96)
at org.apache.hc.client5.http.impl.classic.ExecChainElement.execute(ExecChainElement.java:51)
at org.apache.hc.client5.http.impl.classic.ExecChainElement$1.proceed(ExecChainElement.java:57)
at org.apache.hc.client5.http.impl.classic.ContentCompressionExec.execute(ContentCompressionExec.java:133)
at org.apache.hc.client5.http.impl.classic.ExecChainElement.execute(ExecChainElement.java:51)
at org.apache.hc.client5.http.impl.classic.ExecChainElement$1.proceed(ExecChainElement.java:57)
at org.apache.hc.client5.http.impl.classic.RedirectExec.execute(RedirectExec.java:115)
at org.apache.hc.client5.http.impl.classic.ExecChainElement.execute(ExecChainElement.java:51)
at org.apache.hc.client5.http.impl.classic.InternalHttpClient.doExecute(InternalHttpClient.java:170)
at org.apache.hc.client5.http.impl.classic.CloseableHttpClient.execute(CloseableHttpClient.java:75)
at org.apache.hc.client5.http.impl.classic.CloseableHttpClient.execute(CloseableHttpClient.java:89)
at io.github.bonigarcia.wdm.online.HttpClient.execute(HttpClient.java:158)
at io.github.bonigarcia.wdm.WebDriverManager.getDriversFromXml(WebDriverManager.java:1561)
... 38 more
]]>
            </full-stacktrace>
          </exception> <!-- io.github.bonigarcia.wdm.config.WebDriverManagerException -->
          <reporter-output>
          </reporter-output>
        </test-method> <!-- setup -->
        <test-method signature="verifyuserloginwithcredential(java.lang.String,java.lang.String)[pri:0, instance:com.guru99test.Logintest@3e8c3cb]" started-at="2022-11-19T20:36:35 IST" name="verifyuserloginwithcredential" finished-at="2022-11-19T20:36:35 IST" duration-ms="0" status="SKIP">
          <params>
            <param index="0">
              <value>
                <![CDATA[mngr452260]]>
              </value>
            </param>
            <param index="1">
              <value>
                <![CDATA[qYvymyn]]>
              </value>
            </param>
          </params>
          <exception class="io.github.bonigarcia.wdm.config.WebDriverManagerException">
            <message>
              <![CDATA[io.github.bonigarcia.wdm.config.WebDriverManagerException: java.net.UnknownHostException: chromedriver.storage.googleapis.com]]>
            </message>
            <full-stacktrace>
              <![CDATA[io.github.bonigarcia.wdm.config.WebDriverManagerException: io.github.bonigarcia.wdm.config.WebDriverManagerException: java.net.UnknownHostException: chromedriver.storage.googleapis.com
at io.github.bonigarcia.wdm.WebDriverManager.handleException(WebDriverManager.java:1422)
at io.github.bonigarcia.wdm.WebDriverManager.manage(WebDriverManager.java:1203)
at io.github.bonigarcia.wdm.WebDriverManager.fallback(WebDriverManager.java:1438)
at io.github.bonigarcia.wdm.WebDriverManager.handleException(WebDriverManager.java:1419)
at io.github.bonigarcia.wdm.WebDriverManager.manage(WebDriverManager.java:1203)
at io.github.bonigarcia.wdm.WebDriverManager.handleException(WebDriverManager.java:1412)
at io.github.bonigarcia.wdm.WebDriverManager.manage(WebDriverManager.java:1203)
at io.github.bonigarcia.wdm.WebDriverManager.setup(WebDriverManager.java:418)
at commanlibs.Implimentation.CommonDriver.<init>(CommonDriver.java:19)
at com.guru99test.BaseTest.setup(BaseTest.java:44)
at java.base/jdk.internal.reflect.NativeMethodAccessorImpl.invoke0(Native Method)
at java.base/jdk.internal.reflect.NativeMethodAccessorImpl.invoke(NativeMethodAccessorImpl.java:77)
at java.base/jdk.internal.reflect.DelegatingMethodAccessorImpl.invoke(DelegatingMethodAccessorImpl.java:43)
at java.base/java.lang.reflect.Method.invoke(Method.java:568)
at org.testng.internal.invokers.MethodInvocationHelper.invokeMethod(MethodInvocationHelper.java:139)
at org.testng.internal.invokers.MethodInvocationHelper.invokeMethodConsideringTimeout(MethodInvocationHelper.java:69)
at org.testng.internal.invokers.ConfigInvoker.invokeConfigurationMethod(ConfigInvoker.java:361)
at org.testng.internal.invokers.ConfigInvoker.invokeConfigurations(ConfigInvoker.java:296)
at org.testng.internal.invokers.TestMethodWorker.invokeBeforeClassMethods(TestMethodWorker.java:180)
at org.testng.internal.invokers.TestMethodWorker.run(TestMethodWorker.java:122)
at java.base/java.util.ArrayList.forEach(ArrayList.java:1511)
at org.testng.TestRunner.privateRun(TestRunner.java:806)
at org.testng.TestRunner.run(TestRunner.java:601)
at org.testng.SuiteRunner.runTest(SuiteRunner.java:433)
at org.testng.SuiteRunner.runSequentially(SuiteRunner.java:427)
at org.testng.SuiteRunner.privateRun(SuiteRunner.java:387)
at org.testng.SuiteRunner.run(SuiteRunner.java:330)
at org.testng.SuiteRunnerWorker.runSuite(SuiteRunnerWorker.java:52)
at org.testng.SuiteRunnerWorker.run(SuiteRunnerWorker.java:95)
at org.testng.TestNG.runSuitesSequentially(TestNG.java:1256)
at org.testng.TestNG.runSuitesLocally(TestNG.java:1176)
at org.testng.TestNG.runSuites(TestNG.java:1099)
at org.testng.TestNG.run(TestNG.java:1067)
at org.testng.remote.AbstractRemoteTestNG.run(AbstractRemoteTestNG.java:115)
at org.testng.remote.RemoteTestNG.initAndRun(RemoteTestNG.java:251)
at org.testng.remote.RemoteTestNG.main(RemoteTestNG.java:77)
Caused by: io.github.bonigarcia.wdm.config.WebDriverManagerException: java.net.UnknownHostException: chromedriver.storage.googleapis.com
at io.github.bonigarcia.wdm.WebDriverManager.getDriversFromXml(WebDriverManager.java:1576)
at io.github.bonigarcia.wdm.managers.ChromeDriverManager.getDriverUrls(ChromeDriverManager.java:103)
at io.github.bonigarcia.wdm.WebDriverManager.createUrlHandler(WebDriverManager.java:1443)
at io.github.bonigarcia.wdm.WebDriverManager.download(WebDriverManager.java:1278)
at io.github.bonigarcia.wdm.WebDriverManager.manage(WebDriverManager.java:1197)
... 34 more
Caused by: java.net.UnknownHostException: chromedriver.storage.googleapis.com
at java.base/java.net.InetAddress$CachedAddresses.get(InetAddress.java:801)
at java.base/java.net.InetAddress.getAllByName0(InetAddress.java:1519)
at java.base/java.net.InetAddress.getAllByName(InetAddress.java:1377)
at java.base/java.net.InetAddress.getAllByName(InetAddress.java:1305)
at org.apache.hc.client5.http.SystemDefaultDnsResolver.resolve(SystemDefaultDnsResolver.java:43)
at org.apache.hc.client5.http.impl.io.DefaultHttpClientConnectionOperator.connect(DefaultHttpClientConnectionOperator.java:118)
at org.apache.hc.client5.http.impl.io.PoolingHttpClientConnectionManager.connect(PoolingHttpClientConnectionManager.java:396)
at org.apache.hc.client5.http.impl.classic.InternalExecRuntime.connectEndpoint(InternalExecRuntime.java:158)
at org.apache.hc.client5.http.impl.classic.InternalExecRuntime.connectEndpoint(InternalExecRuntime.java:168)
at org.apache.hc.client5.http.impl.classic.ConnectExec.execute(ConnectExec.java:136)
at org.apache.hc.client5.http.impl.classic.ExecChainElement.execute(ExecChainElement.java:51)
at org.apache.hc.client5.http.impl.classic.ExecChainElement$1.proceed(ExecChainElement.java:57)
at org.apache.hc.client5.http.impl.classic.ProtocolExec.execute(ProtocolExec.java:175)
at org.apache.hc.client5.http.impl.classic.ExecChainElement.execute(ExecChainElement.java:51)
at org.apache.hc.client5.http.impl.classic.ExecChainElement$1.proceed(ExecChainElement.java:57)
at org.apache.hc.client5.http.impl.classic.HttpRequestRetryExec.execute(HttpRequestRetryExec.java:96)
at org.apache.hc.client5.http.impl.classic.ExecChainElement.execute(ExecChainElement.java:51)
at org.apache.hc.client5.http.impl.classic.ExecChainElement$1.proceed(ExecChainElement.java:57)
at org.apache.hc.client5.http.impl.classic.ContentCompressionExec.execute(ContentCompressionExec.java:133)
at org.apache.hc.client5.http.impl.classic.ExecChainElement.execute(ExecChainElement.java:51)
at org.apache.hc.client5.http.impl.classic.ExecChainElement$1.proceed(ExecChainElement.java:57)
at org.apache.hc.client5.http.impl.classic.RedirectExec.execute(RedirectExec.java:115)
at org.apache.hc.client5.http.impl.classic.ExecChainElement.execute(ExecChainElement.java:51)
at org.apache.hc.client5.http.impl.classic.InternalHttpClient.doExecute(InternalHttpClient.java:170)
at org.apache.hc.client5.http.impl.classic.CloseableHttpClient.execute(CloseableHttpClient.java:75)
at org.apache.hc.client5.http.impl.classic.CloseableHttpClient.execute(CloseableHttpClient.java:89)
at io.github.bonigarcia.wdm.online.HttpClient.execute(HttpClient.java:158)
at io.github.bonigarcia.wdm.WebDriverManager.getDriversFromXml(WebDriverManager.java:1561)
... 38 more
]]>
            </full-stacktrace>
          </exception> <!-- io.github.bonigarcia.wdm.config.WebDriverManagerException -->
          <reporter-output>
          </reporter-output>
        </test-method> <!-- verifyuserloginwithcredential -->
        <test-method is-config="true" signature="tekesscreenshot(org.testng.ITestResult)[pri:0, instance:com.guru99test.Logintest@3e8c3cb]" started-at="2022-11-19T20:36:35 IST" name="tekesscreenshot" finished-at="2022-11-19T20:36:35 IST" duration-ms="0" status="SKIP">
          <reporter-output>
          </reporter-output>
        </test-method> <!-- tekesscreenshot -->
        <test-method is-config="true" signature="CloseDown()[pri:0, instance:com.guru99test.Logintest@3e8c3cb]" started-at="2022-11-19T20:36:35 IST" name="CloseDown" finished-at="2022-11-19T20:36:35 IST" duration-ms="0" status="SKIP">
          <reporter-output>
          </reporter-output>
        </test-method> <!-- CloseDown -->
      </class> <!-- com.guru99test.Logintest -->
    </test> <!-- LoginTest -->
  </suite> <!-- Suite -->
</testng-results>
